<?xml version="1.0" encoding="UTF-8"?>
<!-- Generated by org.testng.reporters.JUnitReportReporter -->
<testsuite hostname="XIPL9082" name="testCases.FlipkartAppTest" tests="3" failures="0" timestamp="27 Jul 2018 18:38:03 GMT" time="32.309" errors="0">
  <testcase name="loginTestCase" time="25.159" classname="testCases.FlipkartAppTest"/>
  <testcase name="cartTabVerification" time="4.224" classname="testCases.FlipkartAppTest"/>
  <testcase name="notificationTabVerification" time="2.926" classname="testCases.FlipkartAppTest"/>
</testsuite> <!-- testCases.FlipkartAppTest -->
